05/06/25, 20:10:46 : Using device: cuda 
05/06/25, 20:10:46 : Starting training process...
n_epoch : 10, batch size : 32, learning rate : 0.001 
05/06/25, 20:10:46 : Dataset loaded. Training samples: 6112, Validation samples: 764 
05/06/25, 20:10:48 : Freezing convolutional layers for feature extraction 
05/06/25, 20:10:48 : Optimizer: SGD 
05/06/25, 20:20:02 : Epoch 1/10 - Train Loss: 0.2657 - Train accuracy: 0.8755 - Val loss: 0.19 - Val Accuracy: 91.75% 
05/06/25, 20:20:03 : New best model saved at /home/ids/tmahandry-23/projet/art_classification/output/train_logs/20250605-201040/best_vgg16.pth 
05/06/25, 20:29:11 : Epoch 2/10 - Train Loss: 0.1709 - Train accuracy: 0.9218 - Val loss: 0.17 - Val Accuracy: 92.54% 
05/06/25, 20:29:12 : New best model saved at /home/ids/tmahandry-23/projet/art_classification/output/train_logs/20250605-201040/best_vgg16.pth 
05/06/25, 20:38:11 : Epoch 3/10 - Train Loss: 0.1437 - Train accuracy: 0.9391 - Val loss: 0.16 - Val Accuracy: 92.67% 
05/06/25, 20:38:13 : New best model saved at /home/ids/tmahandry-23/projet/art_classification/output/train_logs/20250605-201040/best_vgg16.pth 
05/06/25, 20:47:12 : Epoch 4/10 - Train Loss: 0.1159 - Train accuracy: 0.9512 - Val loss: 0.16 - Val Accuracy: 92.93% 
05/06/25, 20:47:13 : New best model saved at /home/ids/tmahandry-23/projet/art_classification/output/train_logs/20250605-201040/best_vgg16.pth 
05/06/25, 20:56:19 : Epoch 5/10 - Train Loss: 0.0945 - Train accuracy: 0.9591 - Val loss: 0.16 - Val Accuracy: 94.24% 
05/06/25, 20:56:20 : New best model saved at /home/ids/tmahandry-23/projet/art_classification/output/train_logs/20250605-201040/best_vgg16.pth 
05/06/25, 21:05:17 : Epoch 6/10 - Train Loss: 0.0741 - Train accuracy: 0.9707 - Val loss: 0.16 - Val Accuracy: 94.11% 
05/06/25, 21:13:56 : Epoch 7/10 - Train Loss: 0.0750 - Train accuracy: 0.9707 - Val loss: 0.17 - Val Accuracy: 93.72% 
05/06/25, 21:22:35 : Epoch 8/10 - Train Loss: 0.0675 - Train accuracy: 0.9722 - Val loss: 0.17 - Val Accuracy: 94.24% 
05/06/25, 21:31:08 : Epoch 9/10 - Train Loss: 0.0640 - Train accuracy: 0.9755 - Val loss: 0.17 - Val Accuracy: 94.37% 
05/06/25, 21:31:10 : New best model saved at /home/ids/tmahandry-23/projet/art_classification/output/train_logs/20250605-201040/best_vgg16.pth 
05/06/25, 21:39:51 : Epoch 10/10 - Train Loss: 0.0644 - Train accuracy: 0.9758 - Val loss: 0.17 - Val Accuracy: 94.37% 
05/06/25, 21:39:51 : Training complete. Best validation accuracy: 94.37% 
