18/06/25, 13:18:15 : Run name: 20250618-131809 
18/06/25, 13:18:16 : Using device: cuda 
18/06/25, 13:18:16 : Starting training process...
n_epoch : 10, batch size : 32, learning rate : 0.001 
18/06/25, 13:18:16 : Data transformations applied: Compose(
    Resize(size=(224, 224), interpolation=bilinear, max_size=None, antialias=True)
    RandomRotation(degrees=[-90.0, 90.0], interpolation=nearest, expand=False, fill=0)
    RandomHorizontalFlip(p=0.5)
    RandomVerticalFlip(p=0.5)
    ToTensor()
    Normalize(mean=[0.485, 0.456, 0.406], std=[0.229, 0.224, 0.225])
) 
18/06/25, 13:18:16 : Dataset loaded. Training samples: 6112, Validation samples: 764 
18/06/25, 13:18:17 : Freezing convolutional layers for feature extraction (N 32 and beyond) 
18/06/25, 13:18:18 : Model Summary:
===================================================================================================================
Layer (type:depth-idx)                   Input Shape               Output Shape              Param #
===================================================================================================================
VGG                                      [32, 3, 224, 224]         [32, 2]                   --
├─Sequential: 1-1                        [32, 3, 224, 224]         [32, 512, 7, 7]           --
│    └─Conv2d: 2-1                       [32, 3, 224, 224]         [32, 64, 224, 224]        (1,792)
│    └─ReLU: 2-2                         [32, 64, 224, 224]        [32, 64, 224, 224]        --
│    └─Conv2d: 2-3                       [32, 64, 224, 224]        [32, 64, 224, 224]        (36,928)
│    └─ReLU: 2-4                         [32, 64, 224, 224]        [32, 64, 224, 224]        --
│    └─MaxPool2d: 2-5                    [32, 64, 224, 224]        [32, 64, 112, 112]        --
│    └─Conv2d: 2-6                       [32, 64, 112, 112]        [32, 128, 112, 112]       (73,856)
│    └─ReLU: 2-7                         [32, 128, 112, 112]       [32, 128, 112, 112]       --
│    └─Conv2d: 2-8                       [32, 128, 112, 112]       [32, 128, 112, 112]       (147,584)
│    └─ReLU: 2-9                         [32, 128, 112, 112]       [32, 128, 112, 112]       --
│    └─MaxPool2d: 2-10                   [32, 128, 112, 112]       [32, 128, 56, 56]         --
│    └─Conv2d: 2-11                      [32, 128, 56, 56]         [32, 256, 56, 56]         (295,168)
│    └─ReLU: 2-12                        [32, 256, 56, 56]         [32, 256, 56, 56]         --
│    └─Conv2d: 2-13                      [32, 256, 56, 56]         [32, 256, 56, 56]         (590,080)
│    └─ReLU: 2-14                        [32, 256, 56, 56]         [32, 256, 56, 56]         --
│    └─Conv2d: 2-15                      [32, 256, 56, 56]         [32, 256, 56, 56]         (590,080)
│    └─ReLU: 2-16                        [32, 256, 56, 56]         [32, 256, 56, 56]         --
│    └─MaxPool2d: 2-17                   [32, 256, 56, 56]         [32, 256, 28, 28]         --
│    └─Conv2d: 2-18                      [32, 256, 28, 28]         [32, 512, 28, 28]         (1,180,160)
│    └─ReLU: 2-19                        [32, 512, 28, 28]         [32, 512, 28, 28]         --
│    └─Conv2d: 2-20                      [32, 512, 28, 28]         [32, 512, 28, 28]         (2,359,808)
│    └─ReLU: 2-21                        [32, 512, 28, 28]         [32, 512, 28, 28]         --
│    └─Conv2d: 2-22                      [32, 512, 28, 28]         [32, 512, 28, 28]         (2,359,808)
│    └─ReLU: 2-23                        [32, 512, 28, 28]         [32, 512, 28, 28]         --
│    └─MaxPool2d: 2-24                   [32, 512, 28, 28]         [32, 512, 14, 14]         --
│    └─Conv2d: 2-25                      [32, 512, 14, 14]         [32, 512, 14, 14]         (2,359,808)
│    └─ReLU: 2-26                        [32, 512, 14, 14]         [32, 512, 14, 14]         --
│    └─Conv2d: 2-27                      [32, 512, 14, 14]         [32, 512, 14, 14]         (2,359,808)
│    └─ReLU: 2-28                        [32, 512, 14, 14]         [32, 512, 14, 14]         --
│    └─Conv2d: 2-29                      [32, 512, 14, 14]         [32, 512, 14, 14]         (2,359,808)
│    └─ReLU: 2-30                        [32, 512, 14, 14]         [32, 512, 14, 14]         --
│    └─MaxPool2d: 2-31                   [32, 512, 14, 14]         [32, 512, 7, 7]           --
├─AdaptiveAvgPool2d: 1-2                 [32, 512, 7, 7]           [32, 512, 7, 7]           --
├─Sequential: 1-3                        [32, 25088]               [32, 2]                   --
│    └─Linear: 2-32                      [32, 25088]               [32, 4096]                102,764,544
│    └─ReLU: 2-33                        [32, 4096]                [32, 4096]                --
│    └─Dropout: 2-34                     [32, 4096]                [32, 4096]                --
│    └─Linear: 2-35                      [32, 4096]                [32, 4096]                16,781,312
│    └─ReLU: 2-36                        [32, 4096]                [32, 4096]                --
│    └─Dropout: 2-37                     [32, 4096]                [32, 4096]                --
│    └─Sequential: 2-38                  [32, 4096]                [32, 2]                   --
│    │    └─Linear: 3-1                  [32, 4096]                [32, 512]                 2,097,664
│    │    └─ReLU: 3-2                    [32, 512]                 [32, 512]                 --
│    │    └─Dropout: 3-3                 [32, 512]                 [32, 512]                 --
│    │    └─Linear: 3-4                  [32, 512]                 [32, 2]                   1,026
===================================================================================================================
Total params: 136,359,234
Trainable params: 121,644,546
Non-trainable params: 14,714,688
Total mult-adds (G): 495.42
===================================================================================================================
Input size (MB): 19.27
Forward/backward pass size (MB): 3470.39
Params size (MB): 545.44
Estimated Total Size (MB): 4035.10
=================================================================================================================== 
18/06/25, 13:18:18 : Optimizer: Adam 
18/06/25, 13:28:45 : Epoch 1/10 - Train Loss: 0.31 - Train accuracy: 87.09% - Val loss: 0.24 - Val Accuracy: 89.40% 
18/06/25, 13:28:46 : New best model saved at /home/ids/tmahandry-23/projet/art_classification/output/train_logs/20250618-131809/best_vgg16.pth 
18/06/25, 13:38:15 : Epoch 2/10 - Train Loss: 0.27 - Train accuracy: 88.53% - Val loss: 0.23 - Val Accuracy: 90.18% 
18/06/25, 13:38:16 : New best model saved at /home/ids/tmahandry-23/projet/art_classification/output/train_logs/20250618-131809/best_vgg16.pth 
18/06/25, 13:47:46 : Epoch 3/10 - Train Loss: 0.26 - Train accuracy: 89.19% - Val loss: 0.23 - Val Accuracy: 89.92% 
18/06/25, 13:57:10 : Epoch 4/10 - Train Loss: 0.25 - Train accuracy: 89.59% - Val loss: 0.21 - Val Accuracy: 90.18% 
18/06/25, 14:06:34 : Epoch 5/10 - Train Loss: 0.25 - Train accuracy: 89.19% - Val loss: 0.23 - Val Accuracy: 90.31% 
18/06/25, 14:06:35 : New best model saved at /home/ids/tmahandry-23/projet/art_classification/output/train_logs/20250618-131809/best_vgg16.pth 
18/06/25, 14:15:54 : Epoch 6/10 - Train Loss: 0.24 - Train accuracy: 89.66% - Val loss: 0.20 - Val Accuracy: 91.23% 
18/06/25, 14:15:56 : New best model saved at /home/ids/tmahandry-23/projet/art_classification/output/train_logs/20250618-131809/best_vgg16.pth 
18/06/25, 14:25:25 : Epoch 7/10 - Train Loss: 0.23 - Train accuracy: 90.17% - Val loss: 0.20 - Val Accuracy: 90.58% 
18/06/25, 14:34:57 : Epoch 8/10 - Train Loss: 0.23 - Train accuracy: 90.17% - Val loss: 0.20 - Val Accuracy: 90.71% 
18/06/25, 14:44:34 : Epoch 9/10 - Train Loss: 0.24 - Train accuracy: 90.20% - Val loss: 0.19 - Val Accuracy: 90.97% 
18/06/25, 14:53:52 : Epoch 10/10 - Train Loss: 0.22 - Train accuracy: 90.79% - Val loss: 0.19 - Val Accuracy: 90.58% 
18/06/25, 14:53:52 : Training complete. Best validation accuracy: 91.23% 
