06/06/25, 09:56:52 : Using device: cuda 
06/06/25, 09:56:52 : Starting training process...
n_epoch : 10, batch size : 32, learning rate : 0.001 
06/06/25, 09:56:52 : Dataset loaded. Training samples: 6112, Validation samples: 764 
06/06/25, 09:57:01 : Freezing convolutional layers for feature extraction (N 29 and beyond) 
06/06/25, 09:57:05 : Model Summary:
===================================================================================================================
Layer (type:depth-idx)                   Input Shape               Output Shape              Param #
===================================================================================================================
VGG                                      [32, 3, 224, 224]         [32, 2]                   --
├─Sequential: 1-1                        [32, 3, 224, 224]         [32, 512, 7, 7]           --
│    └─Conv2d: 2-1                       [32, 3, 224, 224]         [32, 64, 224, 224]        (1,792)
│    └─ReLU: 2-2                         [32, 64, 224, 224]        [32, 64, 224, 224]        --
│    └─Conv2d: 2-3                       [32, 64, 224, 224]        [32, 64, 224, 224]        (36,928)
│    └─ReLU: 2-4                         [32, 64, 224, 224]        [32, 64, 224, 224]        --
│    └─MaxPool2d: 2-5                    [32, 64, 224, 224]        [32, 64, 112, 112]        --
│    └─Conv2d: 2-6                       [32, 64, 112, 112]        [32, 128, 112, 112]       (73,856)
│    └─ReLU: 2-7                         [32, 128, 112, 112]       [32, 128, 112, 112]       --
│    └─Conv2d: 2-8                       [32, 128, 112, 112]       [32, 128, 112, 112]       (147,584)
│    └─ReLU: 2-9                         [32, 128, 112, 112]       [32, 128, 112, 112]       --
│    └─MaxPool2d: 2-10                   [32, 128, 112, 112]       [32, 128, 56, 56]         --
│    └─Conv2d: 2-11                      [32, 128, 56, 56]         [32, 256, 56, 56]         (295,168)
│    └─ReLU: 2-12                        [32, 256, 56, 56]         [32, 256, 56, 56]         --
│    └─Conv2d: 2-13                      [32, 256, 56, 56]         [32, 256, 56, 56]         (590,080)
│    └─ReLU: 2-14                        [32, 256, 56, 56]         [32, 256, 56, 56]         --
│    └─Conv2d: 2-15                      [32, 256, 56, 56]         [32, 256, 56, 56]         (590,080)
│    └─ReLU: 2-16                        [32, 256, 56, 56]         [32, 256, 56, 56]         --
│    └─MaxPool2d: 2-17                   [32, 256, 56, 56]         [32, 256, 28, 28]         --
│    └─Conv2d: 2-18                      [32, 256, 28, 28]         [32, 512, 28, 28]         (1,180,160)
│    └─ReLU: 2-19                        [32, 512, 28, 28]         [32, 512, 28, 28]         --
│    └─Conv2d: 2-20                      [32, 512, 28, 28]         [32, 512, 28, 28]         (2,359,808)
│    └─ReLU: 2-21                        [32, 512, 28, 28]         [32, 512, 28, 28]         --
│    └─Conv2d: 2-22                      [32, 512, 28, 28]         [32, 512, 28, 28]         (2,359,808)
│    └─ReLU: 2-23                        [32, 512, 28, 28]         [32, 512, 28, 28]         --
│    └─MaxPool2d: 2-24                   [32, 512, 28, 28]         [32, 512, 14, 14]         --
│    └─Conv2d: 2-25                      [32, 512, 14, 14]         [32, 512, 14, 14]         (2,359,808)
│    └─ReLU: 2-26                        [32, 512, 14, 14]         [32, 512, 14, 14]         --
│    └─Conv2d: 2-27                      [32, 512, 14, 14]         [32, 512, 14, 14]         (2,359,808)
│    └─ReLU: 2-28                        [32, 512, 14, 14]         [32, 512, 14, 14]         --
│    └─Conv2d: 2-29                      [32, 512, 14, 14]         [32, 512, 14, 14]         (2,359,808)
│    └─ReLU: 2-30                        [32, 512, 14, 14]         [32, 512, 14, 14]         --
│    └─MaxPool2d: 2-31                   [32, 512, 14, 14]         [32, 512, 7, 7]           --
├─AdaptiveAvgPool2d: 1-2                 [32, 512, 7, 7]           [32, 512, 7, 7]           --
├─Sequential: 1-3                        [32, 25088]               [32, 2]                   --
│    └─Linear: 2-32                      [32, 25088]               [32, 4096]                102,764,544
│    └─ReLU: 2-33                        [32, 4096]                [32, 4096]                --
│    └─Dropout: 2-34                     [32, 4096]                [32, 4096]                --
│    └─Linear: 2-35                      [32, 4096]                [32, 4096]                16,781,312
│    └─ReLU: 2-36                        [32, 4096]                [32, 4096]                --
│    └─Dropout: 2-37                     [32, 4096]                [32, 4096]                --
│    └─Sequential: 2-38                  [32, 4096]                [32, 2]                   --
│    │    └─Linear: 3-1                  [32, 4096]                [32, 512]                 2,097,664
│    │    └─ReLU: 3-2                    [32, 512]                 [32, 512]                 --
│    │    └─Dropout: 3-3                 [32, 512]                 [32, 512]                 --
│    │    └─Linear: 3-4                  [32, 512]                 [32, 2]                   1,026
===================================================================================================================
Total params: 136,359,234
Trainable params: 121,644,546
Non-trainable params: 14,714,688
Total mult-adds (G): 495.42
===================================================================================================================
Input size (MB): 19.27
Forward/backward pass size (MB): 3470.39
Params size (MB): 545.44
Estimated Total Size (MB): 4035.10
=================================================================================================================== 
06/06/25, 09:57:05 : Optimizer: Adam 
06/06/25, 10:08:57 : Epoch 1/10 - Train Loss: 0.2332 - Train accuracy: 0.8986 - Val loss: 0.19 - Val Accuracy: 92.80% 
06/06/25, 10:09:05 : New best model saved at /home/ids/tmahandry-23/projet/art_classification/output/train_logs/20250606-095615/best_vgg16.pth 
06/06/25, 10:20:47 : Epoch 2/10 - Train Loss: 0.1919 - Train accuracy: 0.9159 - Val loss: 0.17 - Val Accuracy: 92.15% 
06/06/25, 10:32:07 : Epoch 3/10 - Train Loss: 0.1698 - Train accuracy: 0.9252 - Val loss: 0.17 - Val Accuracy: 93.72% 
06/06/25, 10:32:13 : New best model saved at /home/ids/tmahandry-23/projet/art_classification/output/train_logs/20250606-095615/best_vgg16.pth 
06/06/25, 10:43:22 : Epoch 4/10 - Train Loss: 0.1643 - Train accuracy: 0.9287 - Val loss: 0.17 - Val Accuracy: 92.93% 
06/06/25, 10:54:47 : Epoch 5/10 - Train Loss: 0.1485 - Train accuracy: 0.9357 - Val loss: 0.17 - Val Accuracy: 93.32% 
06/06/25, 11:04:43 : Epoch 6/10 - Train Loss: 0.1317 - Train accuracy: 0.9404 - Val loss: 0.16 - Val Accuracy: 92.93% 
06/06/25, 11:15:40 : Epoch 7/10 - Train Loss: 0.1255 - Train accuracy: 0.9424 - Val loss: 0.16 - Val Accuracy: 93.19% 
06/06/25, 11:26:50 : Epoch 8/10 - Train Loss: 0.1184 - Train accuracy: 0.9488 - Val loss: 0.16 - Val Accuracy: 92.80% 
06/06/25, 11:38:01 : Epoch 9/10 - Train Loss: 0.1146 - Train accuracy: 0.9519 - Val loss: 0.16 - Val Accuracy: 93.32% 
06/06/25, 11:49:09 : Epoch 10/10 - Train Loss: 0.1146 - Train accuracy: 0.9514 - Val loss: 0.16 - Val Accuracy: 93.32% 
06/06/25, 11:49:09 : Training complete. Best validation accuracy: 93.72% 
