06/06/25, 00:16:28 : Using device: cuda 
06/06/25, 00:16:28 : Starting training process...
n_epoch : 1, batch size : 32, learning rate : 0.001 
06/06/25, 00:16:28 : Dataset loaded. Training samples: 6112, Validation samples: 764 
06/06/25, 00:16:30 : Freezing convolutional layers for feature extraction 
06/06/25, 00:16:31 : Model Summary:
===================================================================================================================
Layer (type:depth-idx)                   Input Shape               Output Shape              Param #
===================================================================================================================
VGG                                      [32, 3, 224, 224]         [32, 2]                   --
├─Sequential: 1-1                        [32, 3, 224, 224]         [32, 512, 7, 7]           --
│    └─Conv2d: 2-1                       [32, 3, 224, 224]         [32, 64, 224, 224]        (1,792)
│    └─ReLU: 2-2                         [32, 64, 224, 224]        [32, 64, 224, 224]        --
│    └─Conv2d: 2-3                       [32, 64, 224, 224]        [32, 64, 224, 224]        (36,928)
│    └─ReLU: 2-4                         [32, 64, 224, 224]        [32, 64, 224, 224]        --
│    └─MaxPool2d: 2-5                    [32, 64, 224, 224]        [32, 64, 112, 112]        --
│    └─Conv2d: 2-6                       [32, 64, 112, 112]        [32, 128, 112, 112]       (73,856)
│    └─ReLU: 2-7                         [32, 128, 112, 112]       [32, 128, 112, 112]       --
│    └─Conv2d: 2-8                       [32, 128, 112, 112]       [32, 128, 112, 112]       (147,584)
│    └─ReLU: 2-9                         [32, 128, 112, 112]       [32, 128, 112, 112]       --
│    └─MaxPool2d: 2-10                   [32, 128, 112, 112]       [32, 128, 56, 56]         --
│    └─Conv2d: 2-11                      [32, 128, 56, 56]         [32, 256, 56, 56]         (295,168)
│    └─ReLU: 2-12                        [32, 256, 56, 56]         [32, 256, 56, 56]         --
│    └─Conv2d: 2-13                      [32, 256, 56, 56]         [32, 256, 56, 56]         (590,080)
│    └─ReLU: 2-14                        [32, 256, 56, 56]         [32, 256, 56, 56]         --
│    └─Conv2d: 2-15                      [32, 256, 56, 56]         [32, 256, 56, 56]         (590,080)
│    └─ReLU: 2-16                        [32, 256, 56, 56]         [32, 256, 56, 56]         --
│    └─MaxPool2d: 2-17                   [32, 256, 56, 56]         [32, 256, 28, 28]         --
│    └─Conv2d: 2-18                      [32, 256, 28, 28]         [32, 512, 28, 28]         (1,180,160)
│    └─ReLU: 2-19                        [32, 512, 28, 28]         [32, 512, 28, 28]         --
│    └─Conv2d: 2-20                      [32, 512, 28, 28]         [32, 512, 28, 28]         (2,359,808)
│    └─ReLU: 2-21                        [32, 512, 28, 28]         [32, 512, 28, 28]         --
│    └─Conv2d: 2-22                      [32, 512, 28, 28]         [32, 512, 28, 28]         (2,359,808)
│    └─ReLU: 2-23                        [32, 512, 28, 28]         [32, 512, 28, 28]         --
│    └─MaxPool2d: 2-24                   [32, 512, 28, 28]         [32, 512, 14, 14]         --
│    └─Conv2d: 2-25                      [32, 512, 14, 14]         [32, 512, 14, 14]         (2,359,808)
│    └─ReLU: 2-26                        [32, 512, 14, 14]         [32, 512, 14, 14]         --
│    └─Conv2d: 2-27                      [32, 512, 14, 14]         [32, 512, 14, 14]         (2,359,808)
│    └─ReLU: 2-28                        [32, 512, 14, 14]         [32, 512, 14, 14]         --
│    └─Conv2d: 2-29                      [32, 512, 14, 14]         [32, 512, 14, 14]         2,359,808
│    └─ReLU: 2-30                        [32, 512, 14, 14]         [32, 512, 14, 14]         --
│    └─MaxPool2d: 2-31                   [32, 512, 14, 14]         [32, 512, 7, 7]           --
├─AdaptiveAvgPool2d: 1-2                 [32, 512, 7, 7]           [32, 512, 7, 7]           --
├─Sequential: 1-3                        [32, 25088]               [32, 2]                   --
│    └─Linear: 2-32                      [32, 25088]               [32, 4096]                102,764,544
│    └─ReLU: 2-33                        [32, 4096]                [32, 4096]                --
│    └─Dropout: 2-34                     [32, 4096]                [32, 4096]                --
│    └─Linear: 2-35                      [32, 4096]                [32, 4096]                16,781,312
│    └─ReLU: 2-36                        [32, 4096]                [32, 4096]                --
│    └─Dropout: 2-37                     [32, 4096]                [32, 4096]                --
│    └─Sequential: 2-38                  [32, 4096]                [32, 2]                   --
│    │    └─Linear: 3-1                  [32, 4096]                [32, 512]                 2,097,664
│    │    └─ReLU: 3-2                    [32, 512]                 [32, 512]                 --
│    │    └─Dropout: 3-3                 [32, 512]                 [32, 512]                 --
│    │    └─Linear: 3-4                  [32, 512]                 [32, 2]                   1,026
===================================================================================================================
Total params: 136,359,234
Trainable params: 124,004,354
Non-trainable params: 12,354,880
Total mult-adds (G): 495.42
===================================================================================================================
Input size (MB): 19.27
Forward/backward pass size (MB): 3470.39
Params size (MB): 545.44
Estimated Total Size (MB): 4035.10
=================================================================================================================== 
06/06/25, 00:16:31 : Optimizer: Adam 
06/06/25, 00:25:20 : Epoch 1/1 - Train Loss: 0.2352 - Train accuracy: 0.8955 - Val loss: 0.18 - Val Accuracy: 92.28% 
06/06/25, 00:25:21 : New best model saved at /home/ids/tmahandry-23/projet/art_classification/output/train_logs/20250606-001622/best_vgg16.pth 
06/06/25, 00:25:21 : Training complete. Best validation accuracy: 92.28% 
