11/06/25, 19:25:57 : Using device: cuda 
11/06/25, 19:25:57 : Starting training process...
n_epoch : 20, batch size : 32, learning rate : 0.001 
11/06/25, 19:25:57 : Dataset loaded. Training samples: 6112, Validation samples: 764 
11/06/25, 19:26:01 : Freezing convolutional layers for feature extraction (N 29 and beyond) 
11/06/25, 19:26:03 : Model Summary:
===================================================================================================================
Layer (type:depth-idx)                   Input Shape               Output Shape              Param #
===================================================================================================================
VGG                                      [32, 3, 224, 224]         [32, 2]                   --
├─Sequential: 1-1                        [32, 3, 224, 224]         [32, 512, 7, 7]           --
│    └─Conv2d: 2-1                       [32, 3, 224, 224]         [32, 64, 224, 224]        (1,792)
│    └─ReLU: 2-2                         [32, 64, 224, 224]        [32, 64, 224, 224]        --
│    └─Conv2d: 2-3                       [32, 64, 224, 224]        [32, 64, 224, 224]        (36,928)
│    └─ReLU: 2-4                         [32, 64, 224, 224]        [32, 64, 224, 224]        --
│    └─MaxPool2d: 2-5                    [32, 64, 224, 224]        [32, 64, 112, 112]        --
│    └─Conv2d: 2-6                       [32, 64, 112, 112]        [32, 128, 112, 112]       (73,856)
│    └─ReLU: 2-7                         [32, 128, 112, 112]       [32, 128, 112, 112]       --
│    └─Conv2d: 2-8                       [32, 128, 112, 112]       [32, 128, 112, 112]       (147,584)
│    └─ReLU: 2-9                         [32, 128, 112, 112]       [32, 128, 112, 112]       --
│    └─MaxPool2d: 2-10                   [32, 128, 112, 112]       [32, 128, 56, 56]         --
│    └─Conv2d: 2-11                      [32, 128, 56, 56]         [32, 256, 56, 56]         (295,168)
│    └─ReLU: 2-12                        [32, 256, 56, 56]         [32, 256, 56, 56]         --
│    └─Conv2d: 2-13                      [32, 256, 56, 56]         [32, 256, 56, 56]         (590,080)
│    └─ReLU: 2-14                        [32, 256, 56, 56]         [32, 256, 56, 56]         --
│    └─Conv2d: 2-15                      [32, 256, 56, 56]         [32, 256, 56, 56]         (590,080)
│    └─ReLU: 2-16                        [32, 256, 56, 56]         [32, 256, 56, 56]         --
│    └─MaxPool2d: 2-17                   [32, 256, 56, 56]         [32, 256, 28, 28]         --
│    └─Conv2d: 2-18                      [32, 256, 28, 28]         [32, 512, 28, 28]         (1,180,160)
│    └─ReLU: 2-19                        [32, 512, 28, 28]         [32, 512, 28, 28]         --
│    └─Conv2d: 2-20                      [32, 512, 28, 28]         [32, 512, 28, 28]         (2,359,808)
│    └─ReLU: 2-21                        [32, 512, 28, 28]         [32, 512, 28, 28]         --
│    └─Conv2d: 2-22                      [32, 512, 28, 28]         [32, 512, 28, 28]         (2,359,808)
│    └─ReLU: 2-23                        [32, 512, 28, 28]         [32, 512, 28, 28]         --
│    └─MaxPool2d: 2-24                   [32, 512, 28, 28]         [32, 512, 14, 14]         --
│    └─Conv2d: 2-25                      [32, 512, 14, 14]         [32, 512, 14, 14]         (2,359,808)
│    └─ReLU: 2-26                        [32, 512, 14, 14]         [32, 512, 14, 14]         --
│    └─Conv2d: 2-27                      [32, 512, 14, 14]         [32, 512, 14, 14]         (2,359,808)
│    └─ReLU: 2-28                        [32, 512, 14, 14]         [32, 512, 14, 14]         --
│    └─Conv2d: 2-29                      [32, 512, 14, 14]         [32, 512, 14, 14]         (2,359,808)
│    └─ReLU: 2-30                        [32, 512, 14, 14]         [32, 512, 14, 14]         --
│    └─MaxPool2d: 2-31                   [32, 512, 14, 14]         [32, 512, 7, 7]           --
├─AdaptiveAvgPool2d: 1-2                 [32, 512, 7, 7]           [32, 512, 7, 7]           --
├─Sequential: 1-3                        [32, 25088]               [32, 2]                   --
│    └─Linear: 2-32                      [32, 25088]               [32, 4096]                102,764,544
│    └─ReLU: 2-33                        [32, 4096]                [32, 4096]                --
│    └─Dropout: 2-34                     [32, 4096]                [32, 4096]                --
│    └─Linear: 2-35                      [32, 4096]                [32, 4096]                16,781,312
│    └─ReLU: 2-36                        [32, 4096]                [32, 4096]                --
│    └─Dropout: 2-37                     [32, 4096]                [32, 4096]                --
│    └─Sequential: 2-38                  [32, 4096]                [32, 2]                   --
│    │    └─Linear: 3-1                  [32, 4096]                [32, 512]                 2,097,664
│    │    └─ReLU: 3-2                    [32, 512]                 [32, 512]                 --
│    │    └─Dropout: 3-3                 [32, 512]                 [32, 512]                 --
│    │    └─Linear: 3-4                  [32, 512]                 [32, 2]                   1,026
===================================================================================================================
Total params: 136,359,234
Trainable params: 121,644,546
Non-trainable params: 14,714,688
Total mult-adds (G): 495.42
===================================================================================================================
Input size (MB): 19.27
Forward/backward pass size (MB): 3470.39
Params size (MB): 545.44
Estimated Total Size (MB): 4035.10
=================================================================================================================== 
11/06/25, 19:26:03 : Optimizer: Adam 
11/06/25, 19:39:32 : Epoch 1/20 - Train Loss: 0.3014 - Train accuracy: 0.8714 - Val loss: 0.22 - Val Accuracy: 89.92% 
11/06/25, 19:39:36 : New best model saved at /home/ids/tmahandry-23/projet/art_classification/output/train_logs/20250611-192544/best_vgg16.pth 
11/06/25, 19:53:05 : Epoch 2/20 - Train Loss: 0.2618 - Train accuracy: 0.8891 - Val loss: 0.23 - Val Accuracy: 89.79% 
11/06/25, 20:06:12 : Epoch 3/20 - Train Loss: 0.2639 - Train accuracy: 0.8886 - Val loss: 0.21 - Val Accuracy: 89.92% 
11/06/25, 20:18:18 : Epoch 4/20 - Train Loss: 0.2551 - Train accuracy: 0.8933 - Val loss: 0.20 - Val Accuracy: 90.05% 
11/06/25, 20:18:20 : New best model saved at /home/ids/tmahandry-23/projet/art_classification/output/train_logs/20250611-192544/best_vgg16.pth 
11/06/25, 20:31:38 : Epoch 5/20 - Train Loss: 0.2473 - Train accuracy: 0.8959 - Val loss: 0.21 - Val Accuracy: 90.71% 
11/06/25, 20:31:46 : New best model saved at /home/ids/tmahandry-23/projet/art_classification/output/train_logs/20250611-192544/best_vgg16.pth 
11/06/25, 20:45:20 : Epoch 6/20 - Train Loss: 0.2333 - Train accuracy: 0.8969 - Val loss: 0.21 - Val Accuracy: 90.45% 
11/06/25, 20:57:50 : Epoch 7/20 - Train Loss: 0.2241 - Train accuracy: 0.9053 - Val loss: 0.21 - Val Accuracy: 90.71% 
11/06/25, 21:10:32 : Epoch 8/20 - Train Loss: 0.2228 - Train accuracy: 0.9031 - Val loss: 0.21 - Val Accuracy: 90.71% 
11/06/25, 21:23:34 : Epoch 9/20 - Train Loss: 0.2286 - Train accuracy: 0.9028 - Val loss: 0.21 - Val Accuracy: 91.10% 
11/06/25, 21:23:38 : New best model saved at /home/ids/tmahandry-23/projet/art_classification/output/train_logs/20250611-192544/best_vgg16.pth 
11/06/25, 21:36:50 : Epoch 10/20 - Train Loss: 0.2255 - Train accuracy: 0.9031 - Val loss: 0.21 - Val Accuracy: 90.31% 
11/06/25, 21:49:12 : Epoch 11/20 - Train Loss: 0.2190 - Train accuracy: 0.9059 - Val loss: 0.20 - Val Accuracy: 90.31% 
11/06/25, 22:01:52 : Epoch 12/20 - Train Loss: 0.2195 - Train accuracy: 0.9082 - Val loss: 0.20 - Val Accuracy: 90.45% 
11/06/25, 22:15:17 : Epoch 13/20 - Train Loss: 0.2222 - Train accuracy: 0.9033 - Val loss: 0.20 - Val Accuracy: 90.45% 
11/06/25, 22:28:51 : Epoch 14/20 - Train Loss: 0.2202 - Train accuracy: 0.9031 - Val loss: 0.20 - Val Accuracy: 90.45% 
11/06/25, 22:42:06 : Epoch 15/20 - Train Loss: 0.2198 - Train accuracy: 0.9040 - Val loss: 0.20 - Val Accuracy: 90.58% 
11/06/25, 22:53:59 : Epoch 16/20 - Train Loss: 0.2174 - Train accuracy: 0.9107 - Val loss: 0.20 - Val Accuracy: 90.58% 
11/06/25, 23:05:47 : Epoch 17/20 - Train Loss: 0.2278 - Train accuracy: 0.9027 - Val loss: 0.20 - Val Accuracy: 90.58% 
11/06/25, 23:18:40 : Epoch 18/20 - Train Loss: 0.2197 - Train accuracy: 0.9071 - Val loss: 0.20 - Val Accuracy: 90.58% 
11/06/25, 23:30:59 : Epoch 19/20 - Train Loss: 0.2261 - Train accuracy: 0.9051 - Val loss: 0.20 - Val Accuracy: 90.58% 
11/06/25, 23:43:50 : Epoch 20/20 - Train Loss: 0.2183 - Train accuracy: 0.9045 - Val loss: 0.20 - Val Accuracy: 90.58% 
11/06/25, 23:43:50 : Training complete. Best validation accuracy: 91.10% 
